[2023-11-22T05:47:38.010+0000] {manager.py:487} INFO - Processing files using up to 2 processes at a time 
[2023-11-22T05:47:38.011+0000] {manager.py:488} INFO - Process each file at most once every 30 seconds
[2023-11-22T05:47:38.011+0000] {manager.py:489} INFO - Checking for new files in /opt/airflow/dags every 300 seconds
[2023-11-22T05:47:38.012+0000] {manager.py:755} INFO - Searching for files in /opt/airflow/dags
[2023-11-22T05:47:38.017+0000] {manager.py:758} INFO - There are 2 files in /opt/airflow/dags
[2023-11-22T05:47:38.087+0000] {manager.py:887} INFO - 
================================================================================
DAG File Processing Stats

File Path                                    PID  Runtime      # DAGs    # Errors  Last Runtime    Last Run
-----------------------------------------  -----  ---------  --------  ----------  --------------  ----------
/opt/airflow/dags/DAG.py                      37  0.04s             0           0
/opt/airflow/dags/Scripts/etl_pipeline.py     36  0.04s             0           0
================================================================================
[2023-11-22T05:48:08.884+0000] {manager.py:887} INFO - 
================================================================================
DAG File Processing Stats

File Path                                  PID    Runtime      # DAGs    # Errors  Last Runtime    Last Run
-----------------------------------------  -----  ---------  --------  ----------  --------------  -------------------
/opt/airflow/dags/DAG.py                                            0           1  1.48s           2023-11-22T05:47:39
/opt/airflow/dags/Scripts/etl_pipeline.py                           0           0  1.48s           2023-11-22T05:47:39
================================================================================
[2023-11-22T05:48:37.129+0000] {manager.py:487} INFO - Processing files using up to 2 processes at a time 
[2023-11-22T05:48:37.129+0000] {manager.py:488} INFO - Process each file at most once every 30 seconds
[2023-11-22T05:48:37.130+0000] {manager.py:489} INFO - Checking for new files in /opt/airflow/dags every 300 seconds
[2023-11-22T05:48:37.130+0000] {manager.py:755} INFO - Searching for files in /opt/airflow/dags
[2023-11-22T05:48:37.146+0000] {manager.py:758} INFO - There are 2 files in /opt/airflow/dags
[2023-11-22T05:48:56.309+0000] {manager.py:887} INFO - 
================================================================================
DAG File Processing Stats

File Path                                  PID    Runtime      # DAGs    # Errors  Last Runtime    Last Run
-----------------------------------------  -----  ---------  --------  ----------  --------------  -------------------
/opt/airflow/dags/DAG.py                                            0           1  1.01s           2023-11-22T05:48:38
/opt/airflow/dags/Scripts/etl_pipeline.py                           0           0  1.01s           2023-11-22T05:48:38
================================================================================
[2023-11-22T05:49:26.972+0000] {manager.py:887} INFO - 
================================================================================
DAG File Processing Stats

File Path                                  PID    Runtime      # DAGs    # Errors  Last Runtime    Last Run
-----------------------------------------  -----  ---------  --------  ----------  --------------  -------------------
/opt/airflow/dags/DAG.py                                            0           1  0.45s           2023-11-22T05:49:08
/opt/airflow/dags/Scripts/etl_pipeline.py                           0           0  0.45s           2023-11-22T05:49:08
================================================================================
[2023-11-22T05:49:57.700+0000] {manager.py:887} INFO - 
================================================================================
DAG File Processing Stats

File Path                                  PID    Runtime      # DAGs    # Errors  Last Runtime    Last Run
-----------------------------------------  -----  ---------  --------  ----------  --------------  -------------------
/opt/airflow/dags/DAG.py                                            0           1  0.40s           2023-11-22T05:49:39
/opt/airflow/dags/Scripts/etl_pipeline.py                           0           0  0.42s           2023-11-22T05:49:39
================================================================================
[2023-11-22T05:50:28.420+0000] {manager.py:887} INFO - 
================================================================================
DAG File Processing Stats

File Path                                  PID    Runtime      # DAGs    # Errors  Last Runtime    Last Run
-----------------------------------------  -----  ---------  --------  ----------  --------------  -------------------
/opt/airflow/dags/DAG.py                                            0           1  0.36s           2023-11-22T05:50:10
/opt/airflow/dags/Scripts/etl_pipeline.py                           0           0  0.37s           2023-11-22T05:50:10
================================================================================
[2023-11-22T05:50:58.736+0000] {manager.py:887} INFO - 
================================================================================
DAG File Processing Stats

File Path                                  PID    Runtime      # DAGs    # Errors  Last Runtime    Last Run
-----------------------------------------  -----  ---------  --------  ----------  --------------  -------------------
/opt/airflow/dags/DAG.py                                            0           1  0.36s           2023-11-22T05:50:56
/opt/airflow/dags/Scripts/etl_pipeline.py                           0           0  0.46s           2023-11-22T05:50:41
================================================================================
[2023-11-22T05:51:28.894+0000] {manager.py:887} INFO - 
================================================================================
DAG File Processing Stats

File Path                                  PID    Runtime      # DAGs    # Errors  Last Runtime    Last Run
-----------------------------------------  -----  ---------  --------  ----------  --------------  -------------------
/opt/airflow/dags/DAG.py                                            0           1  0.50s           2023-11-22T05:51:27
/opt/airflow/dags/Scripts/etl_pipeline.py                           0           0  0.42s           2023-11-22T05:51:11
================================================================================
[2023-11-22T05:51:59.725+0000] {manager.py:887} INFO - 
================================================================================
DAG File Processing Stats

File Path                                  PID    Runtime      # DAGs    # Errors  Last Runtime    Last Run
-----------------------------------------  -----  ---------  --------  ----------  --------------  -------------------
/opt/airflow/dags/DAG.py                                            0           1  0.41s           2023-11-22T05:51:57
/opt/airflow/dags/Scripts/etl_pipeline.py                           0           0  0.42s           2023-11-22T05:51:42
================================================================================
[2023-11-22T05:52:30.463+0000] {manager.py:887} INFO - 
================================================================================
DAG File Processing Stats

File Path                                  PID    Runtime      # DAGs    # Errors  Last Runtime    Last Run
-----------------------------------------  -----  ---------  --------  ----------  --------------  -------------------
/opt/airflow/dags/DAG.py                                            0           1  0.48s           2023-11-22T05:52:28
/opt/airflow/dags/Scripts/etl_pipeline.py                           0           0  0.38s           2023-11-22T05:52:13
================================================================================
[2023-11-22T05:52:57.873+0000] {manager.py:469} INFO - Exiting gracefully upon receiving signal 15
[2023-11-22T05:54:13.346+0000] {manager.py:487} INFO - Processing files using up to 2 processes at a time 
[2023-11-22T05:54:13.346+0000] {manager.py:488} INFO - Process each file at most once every 30 seconds
[2023-11-22T05:54:13.347+0000] {manager.py:489} INFO - Checking for new files in /opt/airflow/dags every 300 seconds
[2023-11-22T05:54:13.347+0000] {manager.py:755} INFO - Searching for files in /opt/airflow/dags
[2023-11-22T05:54:13.355+0000] {manager.py:758} INFO - There are 2 files in /opt/airflow/dags
[2023-11-22T05:54:13.419+0000] {manager.py:887} INFO - 
================================================================================
DAG File Processing Stats

File Path                                    PID  Runtime      # DAGs    # Errors  Last Runtime    Last Run
-----------------------------------------  -----  ---------  --------  ----------  --------------  ----------
/opt/airflow/dags/DAG.py                      36  0.03s             0           0
/opt/airflow/dags/Scripts/etl_pipeline.py     35  0.03s             0           0
================================================================================
[2023-11-22T05:54:43.998+0000] {manager.py:887} INFO - 
================================================================================
DAG File Processing Stats

File Path                                  PID    Runtime      # DAGs    # Errors  Last Runtime    Last Run
-----------------------------------------  -----  ---------  --------  ----------  --------------  -------------------
/opt/airflow/dags/Scripts/etl_pipeline.py                           0           0  1.22s           2023-11-22T05:54:14
/opt/airflow/dags/DAG.py                                            1           0  1.39s           2023-11-22T05:54:14
================================================================================
[2023-11-22T05:55:14.916+0000] {manager.py:887} INFO - 
================================================================================
DAG File Processing Stats

File Path                                  PID    Runtime      # DAGs    # Errors  Last Runtime    Last Run
-----------------------------------------  -----  ---------  --------  ----------  --------------  -------------------
/opt/airflow/dags/Scripts/etl_pipeline.py                           0           0  1.40s           2023-11-22T05:54:46
/opt/airflow/dags/DAG.py                                            1           0  1.46s           2023-11-22T05:54:46
================================================================================
[2023-11-22T05:55:41.706+0000] {manager.py:469} INFO - Exiting gracefully upon receiving signal 15
